Oct-29 11:13:33.427 [main] DEBUG nextflow.cli.Launcher - $> nextflow run main.nf --input_genotype test_data/GBM1.MSK1.S1.C4_vs_GBM1.MSK1.PBMC.manta.somatic_sv.vcf.gz --genetic_map tables/genetic_map_hg38_withX.txt.gz --sample_map sample_map.txt
Oct-29 11:13:33.468 [main] DEBUG nextflow.cli.CmdRun - N E X T F L O W  ~  version 25.10.0
Oct-29 11:13:33.489 [main] DEBUG nextflow.config.ConfigBuilder - Found config local: /Users/jenc/Desktop/pipelines/ancestry-pipeline/nextflow.config
Oct-29 11:13:33.491 [main] DEBUG nextflow.config.ConfigBuilder - Parsing config file: /Users/jenc/Desktop/pipelines/ancestry-pipeline/nextflow.config
Oct-29 11:13:33.504 [main] DEBUG nextflow.config.ConfigBuilder - Applying config profile: `standard`
Oct-29 11:13:33.740 [main] DEBUG nextflow.plugin.PluginsFacade - Setting up plugin manager > mode=prod; embedded=false; plugins-dir=/Users/jenc/.nextflow/plugins; core-plugins: nf-amazon@3.4.1,nf-azure@1.20.2,nf-cloudcache@0.5.0,nf-codecommit@0.5.0,nf-console@1.3.0,nf-google@1.23.3,nf-k8s@1.2.2,nf-tower@1.17.1,nf-wave@1.16.1
Oct-29 11:13:33.750 [main] INFO  o.pf4j.DefaultPluginStatusProvider - Enabled plugins: []
Oct-29 11:13:33.751 [main] INFO  o.pf4j.DefaultPluginStatusProvider - Disabled plugins: []
Oct-29 11:13:33.752 [main] INFO  org.pf4j.DefaultPluginManager - PF4J version 3.12.0 in 'deployment' mode
Oct-29 11:13:33.760 [main] DEBUG nextflow.util.RetryConfig - Missing nextflow session - using default retry config
Oct-29 11:13:33.821 [main] INFO  org.pf4j.AbstractPluginManager - No plugins
Oct-29 11:13:33.822 [main] DEBUG nextflow.plugin.PluginsFacade - Plugins default=[]
Oct-29 11:13:33.822 [main] DEBUG nextflow.plugin.PluginsFacade - Plugins resolved requirement=[]
Oct-29 11:13:33.831 [main] DEBUG n.secret.LocalSecretsProvider - Secrets store: /Users/jenc/.nextflow/secrets/store.json
Oct-29 11:13:33.833 [main] DEBUG nextflow.secret.SecretsLoader - Discovered secrets providers: [nextflow.secret.LocalSecretsProvider@553bc36c] - activable => nextflow.secret.LocalSecretsProvider@553bc36c
Oct-29 11:13:33.834 [main] DEBUG nextflow.cli.CmdRun - Applied DSL=2 by global default
Oct-29 11:13:33.841 [main] DEBUG nextflow.cli.CmdRun - Launching `main.nf` [agitated_almeida] DSL2 - revision: c944960950
Oct-29 11:13:33.864 [main] DEBUG nextflow.Session - Session UUID: b7d5c9a9-4547-48db-8847-f4ec065f3e41
Oct-29 11:13:33.864 [main] DEBUG nextflow.Session - Run name: agitated_almeida
Oct-29 11:13:33.864 [main] DEBUG nextflow.Session - Executor pool size: 12
Oct-29 11:13:33.868 [main] DEBUG nextflow.file.FilePorter - File porter settings maxRetries=3; maxTransfers=50; pollTimeout=null
Oct-29 11:13:33.870 [main] DEBUG nextflow.util.ThreadPoolBuilder - Creating thread pool 'FileTransfer' minSize=10; maxSize=36; workQueue=LinkedBlockingQueue[-1]; allowCoreThreadTimeout=false
Oct-29 11:13:33.884 [main] DEBUG nextflow.cli.CmdRun - 
  Version: 25.10.0 build 10289
  Created: 22-10-2025 16:26 UTC (12:26 EDT)
  System: Mac OS X 15.6.1
  Runtime: Groovy 4.0.28 on Java HotSpot(TM) 64-Bit Server VM 20.0.2+9-78
  Encoding: UTF-8 (UTF-8)
  Process: 86016@wm718-194 [10.33.16.243]
  CPUs: 12 - Mem: 32 GB (618.9 MB) - Swap: 6 GB (971 MB)
Oct-29 11:13:33.891 [main] DEBUG nextflow.Session - Work-dir: /Users/jenc/Desktop/pipelines/ancestry-pipeline/work [Mac OS X]
Oct-29 11:13:33.892 [main] DEBUG nextflow.Session - Script base path does not exist or is not a directory: /Users/jenc/Desktop/pipelines/ancestry-pipeline/bin
Oct-29 11:13:33.897 [main] DEBUG nextflow.executor.ExecutorFactory - Extension executors providers=[]
Oct-29 11:13:33.901 [main] DEBUG nextflow.Session - Observer factory (v2): LinObserverFactory
Oct-29 11:13:33.902 [main] DEBUG nextflow.Session - Observer factory (v2): DefaultObserverFactory
Oct-29 11:13:33.920 [main] DEBUG nextflow.cache.CacheFactory - Using Nextflow cache factory: nextflow.cache.DefaultCacheFactory
Oct-29 11:13:33.925 [main] DEBUG nextflow.util.CustomThreadPool - Creating default thread pool > poolSize: 13; maxThreads: 1000
Oct-29 11:13:33.954 [main] DEBUG nextflow.Session - Session start
Oct-29 11:13:34.072 [main] DEBUG nextflow.script.ScriptRunner - > Launching execution
Oct-29 11:13:34.217 [main] DEBUG nextflow.executor.ExecutorFactory - << taskConfig executor: null
Oct-29 11:13:34.217 [main] DEBUG nextflow.executor.ExecutorFactory - >> processorType: 'local'
Oct-29 11:13:34.222 [main] DEBUG nextflow.executor.Executor - [warm up] executor > local
Oct-29 11:13:34.225 [main] DEBUG n.processor.LocalPollingMonitor - Creating local task monitor for executor 'local' > cpus=12; memory=32 GB; capacity=12; pollInterval=100ms; dumpInterval=5m
Oct-29 11:13:34.227 [main] DEBUG n.processor.TaskPollingMonitor - >>> barrier register (monitor: local)
Oct-29 11:13:34.240 [main] DEBUG nextflow.processor.TaskProcessor - Creating process 'ancestry_pipeline:phase_with_eagle': maxForks=0; fair=false; array=0
Oct-29 11:13:34.258 [main] DEBUG nextflow.executor.ExecutorFactory - << taskConfig executor: null
Oct-29 11:13:34.258 [main] DEBUG nextflow.executor.ExecutorFactory - >> processorType: 'local'
Oct-29 11:13:34.258 [main] DEBUG nextflow.processor.TaskProcessor - Creating process 'ancestry_pipeline:run_rfmix': maxForks=0; fair=false; array=0
Oct-29 11:13:34.260 [main] DEBUG nextflow.Session - Workflow process names [dsl2]: ancestry_pipeline:phase_with_eagle, phase_with_eagle, ancestry_pipeline:run_rfmix, run_rfmix
Oct-29 11:13:34.261 [main] DEBUG nextflow.Session - Igniting dataflow network (3)
Oct-29 11:13:34.262 [main] DEBUG nextflow.processor.TaskProcessor - Starting process > ancestry_pipeline:phase_with_eagle
Oct-29 11:13:34.262 [main] DEBUG nextflow.processor.TaskProcessor - Starting process > ancestry_pipeline:run_rfmix
Oct-29 11:13:34.262 [main] DEBUG nextflow.script.ScriptRunner - Parsed script files:
  Script_2efc4f80b8be9152: /Users/jenc/Desktop/pipelines/ancestry-pipeline/modules/eagle.nf
  Script_8d7766bd128a575e: /Users/jenc/Desktop/pipelines/ancestry-pipeline/main.nf
  Script_6620abfff735e61c: /Users/jenc/Desktop/pipelines/ancestry-pipeline/modules/rfmix.nf
Oct-29 11:13:34.262 [main] DEBUG nextflow.script.ScriptRunner - > Awaiting termination 
Oct-29 11:13:34.262 [main] DEBUG nextflow.Session - Session await
Oct-29 11:13:34.668 [Actor Thread 2] DEBUG n.plugin.HttpPluginRepository - Registry request: https://registry.nextflow.io/api/v1/plugins/dependencies?plugins=nf-amazon%403.4.1&nextflowVersion=25.10.0
- code: 200
- body: {"plugins":[{"id":"nf-amazon","downloadCount":5780,"downloadGhCount":1325854,"releases":[{"version":"3.4.1","url":"https://registry.nextflow.io/api/v1/plugins/nf-amazon/3.4.1/download/nf-amazon-3.4.1.zip","date":"2025-10-22T16:29:06.396625Z","sha512sum":"bc7c4b6166aa5ef32df3362ceec263df434875b1db332594cd71c8d3f462adfcad55802034cbcfd269917e1efa4f45d224143f024fc1170d156daa40897f3873","requires":">=25.09.2-edge","dependsOn":[],"downloadCount":3230,"downloadGhCount":0,"status":"PUBLISHED","spec":null}],"projectUrl":"https://github.com/nextflow-io/nf-amazon","provider":"nextflow-io","description":null}]}
Oct-29 11:13:34.720 [Actor Thread 2] DEBUG nextflow.plugin.PluginUpdater - Installing plugin nf-amazon version: 3.4.1
Oct-29 11:13:34.733 [Actor Thread 2] INFO  org.pf4j.AbstractPluginManager - Plugin 'nf-amazon@3.4.1' resolved
Oct-29 11:13:34.733 [Actor Thread 2] INFO  org.pf4j.AbstractPluginManager - Start plugin 'nf-amazon@3.4.1'
Oct-29 11:13:34.746 [Actor Thread 2] DEBUG nextflow.plugin.BasePlugin - Plugin started nf-amazon@3.4.1
Oct-29 11:13:34.754 [Actor Thread 2] DEBUG nextflow.file.FileHelper - > Added 'S3FileSystemProvider' to list of installed providers [s3]
Oct-29 11:13:34.754 [Actor Thread 2] DEBUG nextflow.file.FileHelper - Started plugin 'nf-amazon' required to handle file: s3://1000genomes/1000G_2504_high_coverage/working/20201028_3202_phased/CCDG_14151_B01_GRM_WGS_2020-08-05_chr1.filtered.shapeit2-duohmm-phased.vcf.gz
Oct-29 11:13:34.758 [Actor Thread 2] DEBUG nextflow.file.FileHelper - Creating a file system instance for provider: S3FileSystemProvider; config=[:]
Oct-29 11:13:34.764 [Actor Thread 2] DEBUG nextflow.cloud.aws.config.AwsConfig - AWS S3 config properties: {max_error_retry=5}
Oct-29 11:13:34.821 [Actor Thread 2] DEBUG nextflow.cloud.aws.AwsClientFactory - No AWS credentials available - falling back to anonymous access
Oct-29 11:13:35.117 [Actor Thread 2] DEBUG nextflow.cloud.aws.nio.S3Client - Unable to fetch caller account - (Service: S3, Status Code: 307, Request ID: DK3VWCSKBT174FQ0, Extended Request ID: eFKwjV0sIU5JEbinM0W+URlbmY+rNXoou3WlogpnjW5hM7nhFVeUTaow0AbtV4IPKVeui48tWlho1x7HXBeO79FBCNKuig8a) (SDK Attempt Count: 1) 
Oct-29 11:13:35.750 [FileTransfer-1] DEBUG nextflow.file.FilePorter - Copying foreign file s3://1000genomes/1000G_2504_high_coverage/working/20201028_3202_phased/CCDG_14151_B01_GRM_WGS_2020-08-05_chr5.filtered.shapeit2-duohmm-phased.vcf.gz to work dir: /Users/jenc/Desktop/pipelines/ancestry-pipeline/work/stage-b7d5c9a9-4547-48db-8847-f4ec065f3e41/03/14ed3755bca2b3f9fb29dbd2d6bd22/CCDG_14151_B01_GRM_WGS_2020-08-05_chr5.filtered.shapeit2-duohmm-phased.vcf.gz
Oct-29 11:13:35.750 [FileTransfer-2] DEBUG nextflow.file.FilePorter - Copying foreign file s3://1000genomes/1000G_2504_high_coverage/working/20201028_3202_phased/CCDG_14151_B01_GRM_WGS_2020-08-05_chr2.filtered.shapeit2-duohmm-phased.vcf.gz to work dir: /Users/jenc/Desktop/pipelines/ancestry-pipeline/work/stage-b7d5c9a9-4547-48db-8847-f4ec065f3e41/62/10e5e7351c3c63de1d1ccfe2291d63/CCDG_14151_B01_GRM_WGS_2020-08-05_chr2.filtered.shapeit2-duohmm-phased.vcf.gz
Oct-29 11:13:35.751 [FileTransfer-3] DEBUG nextflow.file.FilePorter - Copying foreign file s3://1000genomes/1000G_2504_high_coverage/working/20201028_3202_phased/CCDG_14151_B01_GRM_WGS_2020-08-05_chr9.filtered.shapeit2-duohmm-phased.vcf.gz to work dir: /Users/jenc/Desktop/pipelines/ancestry-pipeline/work/stage-b7d5c9a9-4547-48db-8847-f4ec065f3e41/db/f6c445684244ea903433dd122413f0/CCDG_14151_B01_GRM_WGS_2020-08-05_chr9.filtered.shapeit2-duohmm-phased.vcf.gz
Oct-29 11:13:35.751 [FileTransfer-4] DEBUG nextflow.file.FilePorter - Copying foreign file s3://1000genomes/1000G_2504_high_coverage/working/20201028_3202_phased/CCDG_14151_B01_GRM_WGS_2020-08-05_chr8.filtered.shapeit2-duohmm-phased.vcf.gz to work dir: /Users/jenc/Desktop/pipelines/ancestry-pipeline/work/stage-b7d5c9a9-4547-48db-8847-f4ec065f3e41/08/502b6a83fb7a3b9f99df9c298eed41/CCDG_14151_B01_GRM_WGS_2020-08-05_chr8.filtered.shapeit2-duohmm-phased.vcf.gz
Oct-29 11:13:35.751 [FileTransfer-5] DEBUG nextflow.file.FilePorter - Copying foreign file s3://1000genomes/1000G_2504_high_coverage/working/20201028_3202_phased/CCDG_14151_B01_GRM_WGS_2020-08-05_chr3.filtered.shapeit2-duohmm-phased.vcf.gz to work dir: /Users/jenc/Desktop/pipelines/ancestry-pipeline/work/stage-b7d5c9a9-4547-48db-8847-f4ec065f3e41/8c/65426e0ccdbdb9914ff418a5a65a25/CCDG_14151_B01_GRM_WGS_2020-08-05_chr3.filtered.shapeit2-duohmm-phased.vcf.gz
Oct-29 11:13:35.752 [FileTransfer-6] DEBUG nextflow.file.FilePorter - Copying foreign file s3://1000genomes/1000G_2504_high_coverage/working/20201028_3202_phased/CCDG_14151_B01_GRM_WGS_2020-08-05_chr12.filtered.shapeit2-duohmm-phased.vcf.gz to work dir: /Users/jenc/Desktop/pipelines/ancestry-pipeline/work/stage-b7d5c9a9-4547-48db-8847-f4ec065f3e41/33/aa484743a6ad4392dcae3e252fb8d8/CCDG_14151_B01_GRM_WGS_2020-08-05_chr12.filtered.shapeit2-duohmm-phased.vcf.gz
Oct-29 11:13:35.753 [FileTransfer-7] DEBUG nextflow.file.FilePorter - Copying foreign file s3://1000genomes/1000G_2504_high_coverage/working/20201028_3202_phased/CCDG_14151_B01_GRM_WGS_2020-08-05_chr1.filtered.shapeit2-duohmm-phased.vcf.gz to work dir: /Users/jenc/Desktop/pipelines/ancestry-pipeline/work/stage-b7d5c9a9-4547-48db-8847-f4ec065f3e41/59/2c4e38289c26122caee06df1020600/CCDG_14151_B01_GRM_WGS_2020-08-05_chr1.filtered.shapeit2-duohmm-phased.vcf.gz
Oct-29 11:13:35.753 [FileTransfer-8] DEBUG nextflow.file.FilePorter - Copying foreign file s3://1000genomes/1000G_2504_high_coverage/working/20201028_3202_phased/CCDG_14151_B01_GRM_WGS_2020-08-05_chr11.filtered.shapeit2-duohmm-phased.vcf.gz to work dir: /Users/jenc/Desktop/pipelines/ancestry-pipeline/work/stage-b7d5c9a9-4547-48db-8847-f4ec065f3e41/5b/0e86e073c03c4d010fa3148fce2f33/CCDG_14151_B01_GRM_WGS_2020-08-05_chr11.filtered.shapeit2-duohmm-phased.vcf.gz
Oct-29 11:13:35.754 [FileTransfer-9] DEBUG nextflow.file.FilePorter - Copying foreign file s3://1000genomes/1000G_2504_high_coverage/working/20201028_3202_phased/CCDG_14151_B01_GRM_WGS_2020-08-05_chr4.filtered.shapeit2-duohmm-phased.vcf.gz to work dir: /Users/jenc/Desktop/pipelines/ancestry-pipeline/work/stage-b7d5c9a9-4547-48db-8847-f4ec065f3e41/1a/1221b3024ae69c5fecce743fe2cf65/CCDG_14151_B01_GRM_WGS_2020-08-05_chr4.filtered.shapeit2-duohmm-phased.vcf.gz
Oct-29 11:13:35.754 [FileTransfer-10] DEBUG nextflow.file.FilePorter - Copying foreign file s3://1000genomes/1000G_2504_high_coverage/working/20201028_3202_phased/CCDG_14151_B01_GRM_WGS_2020-08-05_chr7.filtered.shapeit2-duohmm-phased.vcf.gz to work dir: /Users/jenc/Desktop/pipelines/ancestry-pipeline/work/stage-b7d5c9a9-4547-48db-8847-f4ec065f3e41/47/0e0982448020df23ffd5dbf6bc4db7/CCDG_14151_B01_GRM_WGS_2020-08-05_chr7.filtered.shapeit2-duohmm-phased.vcf.gz
Oct-29 11:13:35.783 [FileTransfer-5] DEBUG n.cloud.aws.nio.S3FileSystemProvider - S3 download file from=s3://1000genomes/1000G_2504_high_coverage/working/20201028_3202_phased/CCDG_14151_B01_GRM_WGS_2020-08-05_chr3.filtered.shapeit2-duohmm-phased.vcf.gz to=/Users/jenc/Desktop/pipelines/ancestry-pipeline/work/stage-b7d5c9a9-4547-48db-8847-f4ec065f3e41/8c/65426e0ccdbdb9914ff418a5a65a25/CCDG_14151_B01_GRM_WGS_2020-08-05_chr3.filtered.shapeit2-duohmm-phased.vcf.gz size=0
Oct-29 11:13:35.788 [FileTransfer-5] DEBUG nextflow.util.ThreadPoolBuilder - Creating thread pool 'S3TransferManager' minSize=10; maxSize=36; workQueue=LinkedBlockingQueue[-1]; allowCoreThreadTimeout=false
Oct-29 11:13:35.791 [FileTransfer-5] DEBUG nextflow.cloud.aws.AwsClientFactory - No AWS credentials available - falling back to anonymous access
Oct-29 11:13:35.830 [FileTransfer-9] DEBUG n.cloud.aws.nio.S3FileSystemProvider - S3 download file from=s3://1000genomes/1000G_2504_high_coverage/working/20201028_3202_phased/CCDG_14151_B01_GRM_WGS_2020-08-05_chr4.filtered.shapeit2-duohmm-phased.vcf.gz to=/Users/jenc/Desktop/pipelines/ancestry-pipeline/work/stage-b7d5c9a9-4547-48db-8847-f4ec065f3e41/1a/1221b3024ae69c5fecce743fe2cf65/CCDG_14151_B01_GRM_WGS_2020-08-05_chr4.filtered.shapeit2-duohmm-phased.vcf.gz size=0
Oct-29 11:13:35.831 [FileTransfer-6] DEBUG n.cloud.aws.nio.S3FileSystemProvider - S3 download file from=s3://1000genomes/1000G_2504_high_coverage/working/20201028_3202_phased/CCDG_14151_B01_GRM_WGS_2020-08-05_chr12.filtered.shapeit2-duohmm-phased.vcf.gz to=/Users/jenc/Desktop/pipelines/ancestry-pipeline/work/stage-b7d5c9a9-4547-48db-8847-f4ec065f3e41/33/aa484743a6ad4392dcae3e252fb8d8/CCDG_14151_B01_GRM_WGS_2020-08-05_chr12.filtered.shapeit2-duohmm-phased.vcf.gz size=0
Oct-29 11:13:35.834 [FileTransfer-2] DEBUG n.cloud.aws.nio.S3FileSystemProvider - S3 download file from=s3://1000genomes/1000G_2504_high_coverage/working/20201028_3202_phased/CCDG_14151_B01_GRM_WGS_2020-08-05_chr2.filtered.shapeit2-duohmm-phased.vcf.gz to=/Users/jenc/Desktop/pipelines/ancestry-pipeline/work/stage-b7d5c9a9-4547-48db-8847-f4ec065f3e41/62/10e5e7351c3c63de1d1ccfe2291d63/CCDG_14151_B01_GRM_WGS_2020-08-05_chr2.filtered.shapeit2-duohmm-phased.vcf.gz size=0
Oct-29 11:13:35.840 [FileTransfer-3] DEBUG n.cloud.aws.nio.S3FileSystemProvider - S3 download file from=s3://1000genomes/1000G_2504_high_coverage/working/20201028_3202_phased/CCDG_14151_B01_GRM_WGS_2020-08-05_chr9.filtered.shapeit2-duohmm-phased.vcf.gz to=/Users/jenc/Desktop/pipelines/ancestry-pipeline/work/stage-b7d5c9a9-4547-48db-8847-f4ec065f3e41/db/f6c445684244ea903433dd122413f0/CCDG_14151_B01_GRM_WGS_2020-08-05_chr9.filtered.shapeit2-duohmm-phased.vcf.gz size=0
Oct-29 11:13:35.841 [FileTransfer-1] DEBUG n.cloud.aws.nio.S3FileSystemProvider - S3 download file from=s3://1000genomes/1000G_2504_high_coverage/working/20201028_3202_phased/CCDG_14151_B01_GRM_WGS_2020-08-05_chr5.filtered.shapeit2-duohmm-phased.vcf.gz to=/Users/jenc/Desktop/pipelines/ancestry-pipeline/work/stage-b7d5c9a9-4547-48db-8847-f4ec065f3e41/03/14ed3755bca2b3f9fb29dbd2d6bd22/CCDG_14151_B01_GRM_WGS_2020-08-05_chr5.filtered.shapeit2-duohmm-phased.vcf.gz size=0
Oct-29 11:13:35.842 [FileTransfer-8] DEBUG n.cloud.aws.nio.S3FileSystemProvider - S3 download file from=s3://1000genomes/1000G_2504_high_coverage/working/20201028_3202_phased/CCDG_14151_B01_GRM_WGS_2020-08-05_chr11.filtered.shapeit2-duohmm-phased.vcf.gz to=/Users/jenc/Desktop/pipelines/ancestry-pipeline/work/stage-b7d5c9a9-4547-48db-8847-f4ec065f3e41/5b/0e86e073c03c4d010fa3148fce2f33/CCDG_14151_B01_GRM_WGS_2020-08-05_chr11.filtered.shapeit2-duohmm-phased.vcf.gz size=0
Oct-29 11:13:35.845 [FileTransfer-4] DEBUG n.cloud.aws.nio.S3FileSystemProvider - S3 download file from=s3://1000genomes/1000G_2504_high_coverage/working/20201028_3202_phased/CCDG_14151_B01_GRM_WGS_2020-08-05_chr8.filtered.shapeit2-duohmm-phased.vcf.gz to=/Users/jenc/Desktop/pipelines/ancestry-pipeline/work/stage-b7d5c9a9-4547-48db-8847-f4ec065f3e41/08/502b6a83fb7a3b9f99df9c298eed41/CCDG_14151_B01_GRM_WGS_2020-08-05_chr8.filtered.shapeit2-duohmm-phased.vcf.gz size=0
Oct-29 11:13:35.846 [FileTransfer-10] DEBUG n.cloud.aws.nio.S3FileSystemProvider - S3 download file from=s3://1000genomes/1000G_2504_high_coverage/working/20201028_3202_phased/CCDG_14151_B01_GRM_WGS_2020-08-05_chr7.filtered.shapeit2-duohmm-phased.vcf.gz to=/Users/jenc/Desktop/pipelines/ancestry-pipeline/work/stage-b7d5c9a9-4547-48db-8847-f4ec065f3e41/47/0e0982448020df23ffd5dbf6bc4db7/CCDG_14151_B01_GRM_WGS_2020-08-05_chr7.filtered.shapeit2-duohmm-phased.vcf.gz size=0
Oct-29 11:13:35.851 [FileTransfer-7] DEBUG n.cloud.aws.nio.S3FileSystemProvider - S3 download file from=s3://1000genomes/1000G_2504_high_coverage/working/20201028_3202_phased/CCDG_14151_B01_GRM_WGS_2020-08-05_chr1.filtered.shapeit2-duohmm-phased.vcf.gz to=/Users/jenc/Desktop/pipelines/ancestry-pipeline/work/stage-b7d5c9a9-4547-48db-8847-f4ec065f3e41/59/2c4e38289c26122caee06df1020600/CCDG_14151_B01_GRM_WGS_2020-08-05_chr1.filtered.shapeit2-duohmm-phased.vcf.gz size=0
Oct-29 11:13:36.206 [FileTransfer-2] DEBUG nextflow.file.FilePorter - Copying foreign file s3://1000genomes/1000G_2504_high_coverage/working/20201028_3202_phased/CCDG_14151_B01_GRM_WGS_2020-08-05_chr6.filtered.shapeit2-duohmm-phased.vcf.gz to work dir: /Users/jenc/Desktop/pipelines/ancestry-pipeline/work/stage-b7d5c9a9-4547-48db-8847-f4ec065f3e41/8b/73e3f1e50af4f919d84f7415044cc2/CCDG_14151_B01_GRM_WGS_2020-08-05_chr6.filtered.shapeit2-duohmm-phased.vcf.gz
Oct-29 11:13:36.206 [FileTransfer-10] DEBUG nextflow.file.FilePorter - Copying foreign file s3://1000genomes/1000G_2504_high_coverage/working/20201028_3202_phased/CCDG_14151_B01_GRM_WGS_2020-08-05_chr10.filtered.shapeit2-duohmm-phased.vcf.gz to work dir: /Users/jenc/Desktop/pipelines/ancestry-pipeline/work/stage-b7d5c9a9-4547-48db-8847-f4ec065f3e41/15/41ea8f4ff63e3dc351a488bf33d3f3/CCDG_14151_B01_GRM_WGS_2020-08-05_chr10.filtered.shapeit2-duohmm-phased.vcf.gz
Oct-29 11:13:36.237 [FileTransfer-2] DEBUG n.cloud.aws.nio.S3FileSystemProvider - S3 download file from=s3://1000genomes/1000G_2504_high_coverage/working/20201028_3202_phased/CCDG_14151_B01_GRM_WGS_2020-08-05_chr6.filtered.shapeit2-duohmm-phased.vcf.gz to=/Users/jenc/Desktop/pipelines/ancestry-pipeline/work/stage-b7d5c9a9-4547-48db-8847-f4ec065f3e41/8b/73e3f1e50af4f919d84f7415044cc2/CCDG_14151_B01_GRM_WGS_2020-08-05_chr6.filtered.shapeit2-duohmm-phased.vcf.gz size=0
Oct-29 11:13:36.237 [FileTransfer-10] DEBUG n.cloud.aws.nio.S3FileSystemProvider - S3 download file from=s3://1000genomes/1000G_2504_high_coverage/working/20201028_3202_phased/CCDG_14151_B01_GRM_WGS_2020-08-05_chr10.filtered.shapeit2-duohmm-phased.vcf.gz to=/Users/jenc/Desktop/pipelines/ancestry-pipeline/work/stage-b7d5c9a9-4547-48db-8847-f4ec065f3e41/15/41ea8f4ff63e3dc351a488bf33d3f3/CCDG_14151_B01_GRM_WGS_2020-08-05_chr10.filtered.shapeit2-duohmm-phased.vcf.gz size=0
Oct-29 11:13:36.277 [Task submitter] DEBUG n.executor.local.LocalTaskHandler - Launch cmd line: /bin/bash -ue .command.run
Oct-29 11:13:36.278 [Task submitter] INFO  nextflow.Session - [07/1a2499] Submitted process > ancestry_pipeline:phase_with_eagle (Eagle Phasing)
Oct-29 11:13:36.282 [Task submitter] DEBUG n.executor.local.LocalTaskHandler - Launch cmd line: /bin/bash -ue .command.run
Oct-29 11:13:36.282 [Task submitter] INFO  nextflow.Session - [30/187fc5] Submitted process > ancestry_pipeline:phase_with_eagle (Eagle Phasing)
Oct-29 11:13:36.284 [Task submitter] DEBUG n.executor.local.LocalTaskHandler - Launch cmd line: /bin/bash -ue .command.run
Oct-29 11:13:36.284 [Task submitter] INFO  nextflow.Session - [72/68cc86] Submitted process > ancestry_pipeline:phase_with_eagle (Eagle Phasing)
Oct-29 11:13:36.287 [Task submitter] DEBUG n.executor.local.LocalTaskHandler - Launch cmd line: /bin/bash -ue .command.run
Oct-29 11:13:36.287 [Task submitter] INFO  nextflow.Session - [33/ff2370] Submitted process > ancestry_pipeline:phase_with_eagle (Eagle Phasing)
Oct-29 11:13:36.289 [Task submitter] DEBUG n.executor.local.LocalTaskHandler - Launch cmd line: /bin/bash -ue .command.run
Oct-29 11:13:36.289 [Task submitter] INFO  nextflow.Session - [84/e33cdd] Submitted process > ancestry_pipeline:phase_with_eagle (Eagle Phasing)
Oct-29 11:13:36.294 [Task submitter] DEBUG n.executor.local.LocalTaskHandler - Launch cmd line: /bin/bash -ue .command.run
Oct-29 11:13:36.294 [Task submitter] INFO  nextflow.Session - [44/ef4b77] Submitted process > ancestry_pipeline:phase_with_eagle (Eagle Phasing)
Oct-29 11:13:36.296 [Task submitter] DEBUG n.executor.local.LocalTaskHandler - Launch cmd line: /bin/bash -ue .command.run
Oct-29 11:13:36.296 [Task submitter] INFO  nextflow.Session - [22/cbec6f] Submitted process > ancestry_pipeline:phase_with_eagle (Eagle Phasing)
Oct-29 11:13:36.333 [Task submitter] DEBUG n.executor.local.LocalTaskHandler - Launch cmd line: /bin/bash -ue .command.run
Oct-29 11:13:36.334 [Task submitter] INFO  nextflow.Session - [8a/e9ca4f] Submitted process > ancestry_pipeline:phase_with_eagle (Eagle Phasing)
Oct-29 11:13:36.338 [Task submitter] DEBUG n.executor.local.LocalTaskHandler - Launch cmd line: /bin/bash -ue .command.run
Oct-29 11:13:36.339 [Task submitter] INFO  nextflow.Session - [03/cfdd5f] Submitted process > ancestry_pipeline:phase_with_eagle (Eagle Phasing)
Oct-29 11:13:36.342 [Task submitter] DEBUG n.executor.local.LocalTaskHandler - Launch cmd line: /bin/bash -ue .command.run
Oct-29 11:13:36.342 [Task submitter] INFO  nextflow.Session - [9b/923a56] Submitted process > ancestry_pipeline:phase_with_eagle (Eagle Phasing)
Oct-29 11:13:36.344 [Task submitter] DEBUG n.executor.local.LocalTaskHandler - Launch cmd line: /bin/bash -ue .command.run
Oct-29 11:13:36.344 [Task submitter] INFO  nextflow.Session - [7a/9c84f3] Submitted process > ancestry_pipeline:phase_with_eagle (Eagle Phasing)
Oct-29 11:13:36.408 [Task submitter] DEBUG n.executor.local.LocalTaskHandler - Launch cmd line: /bin/bash -ue .command.run
Oct-29 11:13:36.408 [Task submitter] INFO  nextflow.Session - [42/fbf7dc] Submitted process > ancestry_pipeline:phase_with_eagle (Eagle Phasing)
Oct-29 11:13:36.434 [FileTransfer-3] DEBUG nextflow.file.FilePorter - Copying foreign file s3://1000genomes/1000G_2504_high_coverage/working/20201028_3202_phased/CCDG_14151_B01_GRM_WGS_2020-08-05_chr17.filtered.shapeit2-duohmm-phased.vcf.gz to work dir: /Users/jenc/Desktop/pipelines/ancestry-pipeline/work/stage-b7d5c9a9-4547-48db-8847-f4ec065f3e41/d4/7ed4cbb96a4d6039161ebe79f85a0b/CCDG_14151_B01_GRM_WGS_2020-08-05_chr17.filtered.shapeit2-duohmm-phased.vcf.gz
Oct-29 11:13:36.456 [Task monitor] DEBUG n.processor.TaskPollingMonitor - Task completed > TaskHandler[id: 3; name: ancestry_pipeline:phase_with_eagle (Eagle Phasing); status: COMPLETED; exit: 127; error: -; workDir: /Users/jenc/Desktop/pipelines/ancestry-pipeline/work/07/1a24994066cc56cb280bfa7cd65f39]
Oct-29 11:13:36.456 [Task monitor] DEBUG nextflow.util.ThreadPoolBuilder - Creating thread pool 'TaskFinalizer' minSize=10; maxSize=36; workQueue=LinkedBlockingQueue[-1]; allowCoreThreadTimeout=false
Oct-29 11:13:36.458 [Task monitor] DEBUG n.processor.TaskPollingMonitor - Task completed > TaskHandler[id: 6; name: ancestry_pipeline:phase_with_eagle (Eagle Phasing); status: COMPLETED; exit: 127; error: -; workDir: /Users/jenc/Desktop/pipelines/ancestry-pipeline/work/7a/9c84f3263a26deb0e66120bf3fd9b8]
Oct-29 11:13:36.461 [TaskFinalizer-2] DEBUG nextflow.processor.TaskProcessor - Handling unexpected condition for
  task: name=ancestry_pipeline:phase_with_eagle (Eagle Phasing); work-dir=/Users/jenc/Desktop/pipelines/ancestry-pipeline/work/7a/9c84f3263a26deb0e66120bf3fd9b8
  error [nextflow.exception.ProcessFailedException]: Process `ancestry_pipeline:phase_with_eagle (Eagle Phasing)` terminated with an error exit status (127)
Oct-29 11:13:36.468 [FileTransfer-3] DEBUG n.cloud.aws.nio.S3FileSystemProvider - S3 download file from=s3://1000genomes/1000G_2504_high_coverage/working/20201028_3202_phased/CCDG_14151_B01_GRM_WGS_2020-08-05_chr17.filtered.shapeit2-duohmm-phased.vcf.gz to=/Users/jenc/Desktop/pipelines/ancestry-pipeline/work/stage-b7d5c9a9-4547-48db-8847-f4ec065f3e41/d4/7ed4cbb96a4d6039161ebe79f85a0b/CCDG_14151_B01_GRM_WGS_2020-08-05_chr17.filtered.shapeit2-duohmm-phased.vcf.gz size=0
Oct-29 11:13:36.471 [TaskFinalizer-2] ERROR nextflow.processor.TaskProcessor - Error executing process > 'ancestry_pipeline:phase_with_eagle (Eagle Phasing)'

Caused by:
  Process `ancestry_pipeline:phase_with_eagle (Eagle Phasing)` terminated with an error exit status (127)


Command executed:

  eagle             --vcf=GBM1.MSK1.S1.C4_vs_GBM1.MSK1.PBMC.manta.somatic_sv.vcf.gz             --ref=CCDG_14151_B01_GRM_WGS_2020-08-05_chr6.filtered.shapeit2-duohmm-phased.vcf.gz             --geneticMapFile=genetic_map_hg38_withX.txt.gz             --chrom=6

Command exit status:
  127

Command output:
  (empty)

Command error:
  .command.sh: line 2: eagle: command not found

Work dir:
  /Users/jenc/Desktop/pipelines/ancestry-pipeline/work/7a/9c84f3263a26deb0e66120bf3fd9b8

Tip: you can try to figure out what's wrong by changing to the process work dir and showing the script file named `.command.sh`
Oct-29 11:13:36.473 [TaskFinalizer-1] DEBUG nextflow.processor.TaskProcessor - Handling unexpected condition for
  task: name=ancestry_pipeline:phase_with_eagle (Eagle Phasing); work-dir=/Users/jenc/Desktop/pipelines/ancestry-pipeline/work/07/1a24994066cc56cb280bfa7cd65f39
  error [nextflow.exception.ProcessFailedException]: Process `ancestry_pipeline:phase_with_eagle (Eagle Phasing)` terminated with an error exit status (127)
Oct-29 11:13:36.475 [TaskFinalizer-2] DEBUG nextflow.Session - Session aborted -- Cause: Process `ancestry_pipeline:phase_with_eagle (Eagle Phasing)` terminated with an error exit status (127)
Oct-29 11:13:36.481 [TaskFinalizer-2] DEBUG nextflow.Session - The following nodes are still active:
[process] ancestry_pipeline:phase_with_eagle
  status=ACTIVE
  port 0: (queue) closed; channel: -
  port 1: (cntrl) -     ; channel: $

[process] ancestry_pipeline:run_rfmix
  status=ACTIVE
  port 0: (queue) OPEN  ; channel: phased_vcf
  port 1: (value) bound ; channel: sample_map
  port 2: (value) bound ; channel: genetic_map
  port 3: (cntrl) -     ; channel: $

Oct-29 11:13:36.485 [TaskFinalizer-2] WARN  n.processor.TaskPollingMonitor - Killing running tasks (10)
Oct-29 11:13:36.540 [FileTransfer-3] DEBUG nextflow.file.FilePorter - Copying foreign file s3://1000genomes/1000G_2504_high_coverage/working/20201028_3202_phased/CCDG_14151_B01_GRM_WGS_2020-08-05_chr13.filtered.shapeit2-duohmm-phased.vcf.gz to work dir: /Users/jenc/Desktop/pipelines/ancestry-pipeline/work/stage-b7d5c9a9-4547-48db-8847-f4ec065f3e41/ed/92267b665d17141b2086ee6f7e754d/CCDG_14151_B01_GRM_WGS_2020-08-05_chr13.filtered.shapeit2-duohmm-phased.vcf.gz
Oct-29 11:13:36.542 [FileTransfer-8] DEBUG nextflow.file.FilePorter - Copying foreign file s3://1000genomes/1000G_2504_high_coverage/working/20201028_3202_phased/CCDG_14151_B01_GRM_WGS_2020-08-05_chr20.filtered.shapeit2-duohmm-phased.vcf.gz to work dir: /Users/jenc/Desktop/pipelines/ancestry-pipeline/work/stage-b7d5c9a9-4547-48db-8847-f4ec065f3e41/e2/0b7a589b1c9329318624bd7d2d79ca/CCDG_14151_B01_GRM_WGS_2020-08-05_chr20.filtered.shapeit2-duohmm-phased.vcf.gz
Oct-29 11:13:36.550 [Task monitor] DEBUG n.processor.TaskPollingMonitor - <<< barrier arrives (monitor: local) - terminating tasks monitor poll loop
Oct-29 11:13:36.556 [TaskFinalizer-2] DEBUG n.executor.local.LocalTaskHandler - Unable to kill ancestry_pipeline:phase_with_eagle (Eagle Phasing) -- command: kill -TERM 86065; exit: 1 
 bash: line 0: kill: (86065) - No such process

Oct-29 11:13:36.572 [FileTransfer-8] DEBUG n.cloud.aws.nio.S3FileSystemProvider - S3 download file from=s3://1000genomes/1000G_2504_high_coverage/working/20201028_3202_phased/CCDG_14151_B01_GRM_WGS_2020-08-05_chr20.filtered.shapeit2-duohmm-phased.vcf.gz to=/Users/jenc/Desktop/pipelines/ancestry-pipeline/work/stage-b7d5c9a9-4547-48db-8847-f4ec065f3e41/e2/0b7a589b1c9329318624bd7d2d79ca/CCDG_14151_B01_GRM_WGS_2020-08-05_chr20.filtered.shapeit2-duohmm-phased.vcf.gz size=0
Oct-29 11:13:36.575 [FileTransfer-3] DEBUG n.cloud.aws.nio.S3FileSystemProvider - S3 download file from=s3://1000genomes/1000G_2504_high_coverage/working/20201028_3202_phased/CCDG_14151_B01_GRM_WGS_2020-08-05_chr13.filtered.shapeit2-duohmm-phased.vcf.gz to=/Users/jenc/Desktop/pipelines/ancestry-pipeline/work/stage-b7d5c9a9-4547-48db-8847-f4ec065f3e41/ed/92267b665d17141b2086ee6f7e754d/CCDG_14151_B01_GRM_WGS_2020-08-05_chr13.filtered.shapeit2-duohmm-phased.vcf.gz size=0
Oct-29 11:13:36.581 [TaskFinalizer-2] DEBUG n.executor.local.LocalTaskHandler - Unable to kill ancestry_pipeline:phase_with_eagle (Eagle Phasing) -- command: kill -TERM 86084; exit: 1 
 bash: line 0: kill: (86084) - No such process

Oct-29 11:13:36.592 [TaskFinalizer-2] DEBUG n.executor.local.LocalTaskHandler - Unable to kill ancestry_pipeline:phase_with_eagle (Eagle Phasing) -- command: kill -TERM 86085; exit: 1 
 bash: line 0: kill: (86085) - No such process

Oct-29 11:13:36.601 [TaskFinalizer-2] DEBUG n.executor.local.LocalTaskHandler - Unable to kill ancestry_pipeline:phase_with_eagle (Eagle Phasing) -- command: kill -TERM 86140; exit: 1 
 bash: line 0: kill: (86140) - No such process

Oct-29 11:13:36.603 [TaskFinalizer-2] DEBUG n.trace.WorkflowStatsObserver - Workflow completed > WorkflowStats[succeededCount=0; failedCount=2; ignoredCount=0; cachedCount=0; pendingCount=1; submittedCount=0; runningCount=0; retriesCount=0; abortedCount=10; succeedDuration=0ms; failedDuration=189ms; cachedDuration=0ms;loadCpus=0; loadMemory=0; peakRunning=12; peakCpus=12; peakMemory=0; ]
Oct-29 11:13:36.605 [FileTransfer-1] DEBUG nextflow.file.FilePorter - Copying foreign file s3://1000genomes/1000G_2504_high_coverage/working/20201028_3202_phased/CCDG_14151_B01_GRM_WGS_2020-08-05_chr15.filtered.shapeit2-duohmm-phased.vcf.gz to work dir: /Users/jenc/Desktop/pipelines/ancestry-pipeline/work/stage-b7d5c9a9-4547-48db-8847-f4ec065f3e41/33/dd2c83cc20dcc316120179b25c2c44/CCDG_14151_B01_GRM_WGS_2020-08-05_chr15.filtered.shapeit2-duohmm-phased.vcf.gz
Oct-29 11:13:36.605 [FileTransfer-7] DEBUG nextflow.file.FilePorter - Copying foreign file s3://1000genomes/1000G_2504_high_coverage/working/20201028_3202_phased/CCDG_14151_B01_GRM_WGS_2020-08-05_chr14.filtered.shapeit2-duohmm-phased.vcf.gz to work dir: /Users/jenc/Desktop/pipelines/ancestry-pipeline/work/stage-b7d5c9a9-4547-48db-8847-f4ec065f3e41/20/68ebe7afe7cecf798369310fa02817/CCDG_14151_B01_GRM_WGS_2020-08-05_chr14.filtered.shapeit2-duohmm-phased.vcf.gz
Oct-29 11:13:36.606 [FileTransfer-4] DEBUG nextflow.file.FilePorter - Copying foreign file s3://1000genomes/1000G_2504_high_coverage/working/20201028_3202_phased/CCDG_14151_B01_GRM_WGS_2020-08-05_chr16.filtered.shapeit2-duohmm-phased.vcf.gz to work dir: /Users/jenc/Desktop/pipelines/ancestry-pipeline/work/stage-b7d5c9a9-4547-48db-8847-f4ec065f3e41/ca/4a13afbaeab626a3ce1e8d0ea69166/CCDG_14151_B01_GRM_WGS_2020-08-05_chr16.filtered.shapeit2-duohmm-phased.vcf.gz
Oct-29 11:13:36.606 [FileTransfer-6] DEBUG nextflow.file.FilePorter - Copying foreign file s3://1000genomes/1000G_2504_high_coverage/working/20201028_3202_phased/CCDG_14151_B01_GRM_WGS_2020-08-05_chr18.filtered.shapeit2-duohmm-phased.vcf.gz to work dir: /Users/jenc/Desktop/pipelines/ancestry-pipeline/work/stage-b7d5c9a9-4547-48db-8847-f4ec065f3e41/c9/50689f5ff52cbe166973b8292b61c8/CCDG_14151_B01_GRM_WGS_2020-08-05_chr18.filtered.shapeit2-duohmm-phased.vcf.gz
Oct-29 11:13:36.607 [FileTransfer-10] DEBUG nextflow.file.FilePorter - Copying foreign file s3://1000genomes/1000G_2504_high_coverage/working/20201028_3202_phased/CCDG_14151_B01_GRM_WGS_2020-08-05_chr19.filtered.shapeit2-duohmm-phased.vcf.gz to work dir: /Users/jenc/Desktop/pipelines/ancestry-pipeline/work/stage-b7d5c9a9-4547-48db-8847-f4ec065f3e41/40/eaa807c11a3a4aaf911ef9c6381974/CCDG_14151_B01_GRM_WGS_2020-08-05_chr19.filtered.shapeit2-duohmm-phased.vcf.gz
Oct-29 11:13:36.607 [FileTransfer-2] DEBUG nextflow.file.FilePorter - Copying foreign file s3://1000genomes/1000G_2504_high_coverage/working/20201028_3202_phased/CCDG_14151_B01_GRM_WGS_2020-08-05_chr21.filtered.shapeit2-duohmm-phased.vcf.gz to work dir: /Users/jenc/Desktop/pipelines/ancestry-pipeline/work/stage-b7d5c9a9-4547-48db-8847-f4ec065f3e41/8f/0a6b2af19d73e34e42fa0553304785/CCDG_14151_B01_GRM_WGS_2020-08-05_chr21.filtered.shapeit2-duohmm-phased.vcf.gz
Oct-29 11:13:36.608 [FileTransfer-9] DEBUG nextflow.file.FilePorter - Copying foreign file s3://1000genomes/1000G_2504_high_coverage/working/20201028_3202_phased/CCDG_14151_B01_GRM_WGS_2020-08-05_chr22.filtered.shapeit2-duohmm-phased.vcf.gz to work dir: /Users/jenc/Desktop/pipelines/ancestry-pipeline/work/stage-b7d5c9a9-4547-48db-8847-f4ec065f3e41/d8/b5b1ea70ac9eb1ec7bcb9bd90afdc3/CCDG_14151_B01_GRM_WGS_2020-08-05_chr22.filtered.shapeit2-duohmm-phased.vcf.gz
Oct-29 11:13:36.634 [FileTransfer-4] DEBUG n.cloud.aws.nio.S3FileSystemProvider - S3 download file from=s3://1000genomes/1000G_2504_high_coverage/working/20201028_3202_phased/CCDG_14151_B01_GRM_WGS_2020-08-05_chr16.filtered.shapeit2-duohmm-phased.vcf.gz to=/Users/jenc/Desktop/pipelines/ancestry-pipeline/work/stage-b7d5c9a9-4547-48db-8847-f4ec065f3e41/ca/4a13afbaeab626a3ce1e8d0ea69166/CCDG_14151_B01_GRM_WGS_2020-08-05_chr16.filtered.shapeit2-duohmm-phased.vcf.gz size=0
Oct-29 11:13:36.640 [FileTransfer-1] DEBUG n.cloud.aws.nio.S3FileSystemProvider - S3 download file from=s3://1000genomes/1000G_2504_high_coverage/working/20201028_3202_phased/CCDG_14151_B01_GRM_WGS_2020-08-05_chr15.filtered.shapeit2-duohmm-phased.vcf.gz to=/Users/jenc/Desktop/pipelines/ancestry-pipeline/work/stage-b7d5c9a9-4547-48db-8847-f4ec065f3e41/33/dd2c83cc20dcc316120179b25c2c44/CCDG_14151_B01_GRM_WGS_2020-08-05_chr15.filtered.shapeit2-duohmm-phased.vcf.gz size=0
Oct-29 11:13:36.640 [FileTransfer-2] DEBUG n.cloud.aws.nio.S3FileSystemProvider - S3 download file from=s3://1000genomes/1000G_2504_high_coverage/working/20201028_3202_phased/CCDG_14151_B01_GRM_WGS_2020-08-05_chr21.filtered.shapeit2-duohmm-phased.vcf.gz to=/Users/jenc/Desktop/pipelines/ancestry-pipeline/work/stage-b7d5c9a9-4547-48db-8847-f4ec065f3e41/8f/0a6b2af19d73e34e42fa0553304785/CCDG_14151_B01_GRM_WGS_2020-08-05_chr21.filtered.shapeit2-duohmm-phased.vcf.gz size=0
Oct-29 11:13:36.641 [FileTransfer-9] DEBUG n.cloud.aws.nio.S3FileSystemProvider - S3 download file from=s3://1000genomes/1000G_2504_high_coverage/working/20201028_3202_phased/CCDG_14151_B01_GRM_WGS_2020-08-05_chr22.filtered.shapeit2-duohmm-phased.vcf.gz to=/Users/jenc/Desktop/pipelines/ancestry-pipeline/work/stage-b7d5c9a9-4547-48db-8847-f4ec065f3e41/d8/b5b1ea70ac9eb1ec7bcb9bd90afdc3/CCDG_14151_B01_GRM_WGS_2020-08-05_chr22.filtered.shapeit2-duohmm-phased.vcf.gz size=0
Oct-29 11:13:36.641 [FileTransfer-6] DEBUG n.cloud.aws.nio.S3FileSystemProvider - S3 download file from=s3://1000genomes/1000G_2504_high_coverage/working/20201028_3202_phased/CCDG_14151_B01_GRM_WGS_2020-08-05_chr18.filtered.shapeit2-duohmm-phased.vcf.gz to=/Users/jenc/Desktop/pipelines/ancestry-pipeline/work/stage-b7d5c9a9-4547-48db-8847-f4ec065f3e41/c9/50689f5ff52cbe166973b8292b61c8/CCDG_14151_B01_GRM_WGS_2020-08-05_chr18.filtered.shapeit2-duohmm-phased.vcf.gz size=0
Oct-29 11:13:36.644 [FileTransfer-7] DEBUG n.cloud.aws.nio.S3FileSystemProvider - S3 download file from=s3://1000genomes/1000G_2504_high_coverage/working/20201028_3202_phased/CCDG_14151_B01_GRM_WGS_2020-08-05_chr14.filtered.shapeit2-duohmm-phased.vcf.gz to=/Users/jenc/Desktop/pipelines/ancestry-pipeline/work/stage-b7d5c9a9-4547-48db-8847-f4ec065f3e41/20/68ebe7afe7cecf798369310fa02817/CCDG_14151_B01_GRM_WGS_2020-08-05_chr14.filtered.shapeit2-duohmm-phased.vcf.gz size=0
Oct-29 11:13:36.645 [FileTransfer-10] DEBUG n.cloud.aws.nio.S3FileSystemProvider - S3 download file from=s3://1000genomes/1000G_2504_high_coverage/working/20201028_3202_phased/CCDG_14151_B01_GRM_WGS_2020-08-05_chr19.filtered.shapeit2-duohmm-phased.vcf.gz to=/Users/jenc/Desktop/pipelines/ancestry-pipeline/work/stage-b7d5c9a9-4547-48db-8847-f4ec065f3e41/40/eaa807c11a3a4aaf911ef9c6381974/CCDG_14151_B01_GRM_WGS_2020-08-05_chr19.filtered.shapeit2-duohmm-phased.vcf.gz size=0
Oct-29 11:13:36.677 [main] DEBUG nextflow.Session - Session await > all processes finished
Oct-29 11:13:36.677 [main] DEBUG nextflow.Session - Session await > all barriers passed
Oct-29 11:13:36.678 [main] DEBUG n.trace.WorkflowStatsObserver - Workflow completed > WorkflowStats[succeededCount=0; failedCount=2; ignoredCount=0; cachedCount=0; pendingCount=1; submittedCount=0; runningCount=0; retriesCount=0; abortedCount=10; succeedDuration=0ms; failedDuration=189ms; cachedDuration=0ms;loadCpus=0; loadMemory=0; peakRunning=12; peakCpus=12; peakMemory=0; ]
Oct-29 11:13:36.678 [Actor Thread 5] DEBUG nextflow.processor.TaskProcessor - Handling unexpected condition for
  task: name=ancestry_pipeline:phase_with_eagle; work-dir=null
  error [java.lang.InterruptedException]: java.lang.InterruptedException
Oct-29 11:13:36.683 [main] DEBUG nextflow.cache.CacheDB - Closing CacheDB done
Oct-29 11:13:36.690 [main] INFO  org.pf4j.AbstractPluginManager - Stop plugin 'nf-amazon@3.4.1'
Oct-29 11:13:36.690 [main] DEBUG nextflow.plugin.BasePlugin - Plugin stopped nf-amazon
Oct-29 11:13:36.691 [main] DEBUG nextflow.script.ScriptRunner - > Execution complete -- Goodbye
Oct-29 11:13:36.691 [FileTransfer-1] DEBUG nextflow.file.FilePorter - Stage foreign file exception: recoverable=false; type=java.io.InterruptedIOException; message=S3 download file: s3://1000genomes/1000G_2504_high_coverage/working/20201028_3202_phased/CCDG_14151_B01_GRM_WGS_2020-08-05_chr15.filtered.shapeit2-duohmm-phased.vcf.gz cancelled
Oct-29 11:13:36.691 [FileTransfer-8] DEBUG nextflow.file.FilePorter - Stage foreign file exception: recoverable=false; type=java.io.InterruptedIOException; message=S3 download file: s3://1000genomes/1000G_2504_high_coverage/working/20201028_3202_phased/CCDG_14151_B01_GRM_WGS_2020-08-05_chr20.filtered.shapeit2-duohmm-phased.vcf.gz cancelled
Oct-29 11:13:36.691 [FileTransfer-7] DEBUG nextflow.file.FilePorter - Stage foreign file exception: recoverable=false; type=java.io.InterruptedIOException; message=S3 download file: s3://1000genomes/1000G_2504_high_coverage/working/20201028_3202_phased/CCDG_14151_B01_GRM_WGS_2020-08-05_chr14.filtered.shapeit2-duohmm-phased.vcf.gz cancelled
Oct-29 11:13:36.691 [FileTransfer-10] DEBUG nextflow.file.FilePorter - Stage foreign file exception: recoverable=false; type=java.io.InterruptedIOException; message=S3 download file: s3://1000genomes/1000G_2504_high_coverage/working/20201028_3202_phased/CCDG_14151_B01_GRM_WGS_2020-08-05_chr19.filtered.shapeit2-duohmm-phased.vcf.gz cancelled
Oct-29 11:13:36.691 [FileTransfer-6] DEBUG nextflow.file.FilePorter - Stage foreign file exception: recoverable=false; type=java.io.InterruptedIOException; message=S3 download file: s3://1000genomes/1000G_2504_high_coverage/working/20201028_3202_phased/CCDG_14151_B01_GRM_WGS_2020-08-05_chr18.filtered.shapeit2-duohmm-phased.vcf.gz cancelled
Oct-29 11:13:36.691 [FileTransfer-9] DEBUG nextflow.file.FilePorter - Stage foreign file exception: recoverable=false; type=java.io.InterruptedIOException; message=S3 download file: s3://1000genomes/1000G_2504_high_coverage/working/20201028_3202_phased/CCDG_14151_B01_GRM_WGS_2020-08-05_chr22.filtered.shapeit2-duohmm-phased.vcf.gz cancelled
Oct-29 11:13:36.691 [FileTransfer-4] DEBUG nextflow.file.FilePorter - Stage foreign file exception: recoverable=false; type=java.io.InterruptedIOException; message=S3 download file: s3://1000genomes/1000G_2504_high_coverage/working/20201028_3202_phased/CCDG_14151_B01_GRM_WGS_2020-08-05_chr16.filtered.shapeit2-duohmm-phased.vcf.gz cancelled
Oct-29 11:13:36.691 [FileTransfer-2] DEBUG nextflow.file.FilePorter - Stage foreign file exception: recoverable=false; type=java.io.InterruptedIOException; message=S3 download file: s3://1000genomes/1000G_2504_high_coverage/working/20201028_3202_phased/CCDG_14151_B01_GRM_WGS_2020-08-05_chr21.filtered.shapeit2-duohmm-phased.vcf.gz cancelled
Oct-29 11:13:36.691 [FileTransfer-9] DEBUG nextflow.plugin.PluginsFacade - Using Default plugin manager
Oct-29 11:13:36.691 [FileTransfer-8] DEBUG nextflow.plugin.PluginsFacade - Using Default plugin manager
Oct-29 11:13:36.691 [FileTransfer-1] DEBUG nextflow.plugin.PluginsFacade - Using Default plugin manager
Oct-29 11:13:36.691 [FileTransfer-6] DEBUG nextflow.plugin.PluginsFacade - Using Default plugin manager
Oct-29 11:13:36.691 [FileTransfer-2] DEBUG nextflow.plugin.PluginsFacade - Using Default plugin manager
Oct-29 11:13:36.691 [FileTransfer-7] DEBUG nextflow.plugin.PluginsFacade - Using Default plugin manager
Oct-29 11:13:36.691 [FileTransfer-10] DEBUG nextflow.plugin.PluginsFacade - Using Default plugin manager
Oct-29 11:13:36.691 [FileTransfer-4] DEBUG nextflow.plugin.PluginsFacade - Using Default plugin manager
Oct-29 11:13:36.692 [FileTransfer-9] INFO  o.pf4j.DefaultPluginStatusProvider - Enabled plugins: []
Oct-29 11:13:36.692 [FileTransfer-9] INFO  o.pf4j.DefaultPluginStatusProvider - Disabled plugins: []
Oct-29 11:13:36.692 [FileTransfer-9] INFO  org.pf4j.DefaultPluginManager - PF4J version 3.12.0 in 'deployment' mode
Oct-29 11:13:36.694 [Actor Thread 15] DEBUG nextflow.processor.TaskProcessor - Handling unexpected condition for
  task: name=ancestry_pipeline:phase_with_eagle (21); work-dir=null
  error [nextflow.exception.ProcessStageException]: Can't stage file s3:///1000genomes/1000G_2504_high_coverage/working/20201028_3202_phased/CCDG_14151_B01_GRM_WGS_2020-08-05_chr21.filtered.shapeit2-duohmm-phased.vcf.gz -- reason: S3 download file: s3://1000genomes/1000G_2504_high_coverage/working/20201028_3202_phased/CCDG_14151_B01_GRM_WGS_2020-08-05_chr21.filtered.shapeit2-duohmm-phased.vcf.gz cancelled
Oct-29 11:13:36.694 [Actor Thread 3] DEBUG nextflow.processor.TaskProcessor - Handling unexpected condition for
  task: name=ancestry_pipeline:phase_with_eagle (18); work-dir=null
  error [nextflow.exception.ProcessStageException]: Can't stage file s3:///1000genomes/1000G_2504_high_coverage/working/20201028_3202_phased/CCDG_14151_B01_GRM_WGS_2020-08-05_chr18.filtered.shapeit2-duohmm-phased.vcf.gz -- reason: S3 download file: s3://1000genomes/1000G_2504_high_coverage/working/20201028_3202_phased/CCDG_14151_B01_GRM_WGS_2020-08-05_chr18.filtered.shapeit2-duohmm-phased.vcf.gz cancelled
Oct-29 11:13:36.695 [Actor Thread 7] DEBUG nextflow.processor.TaskProcessor - Handling unexpected condition for
  task: name=ancestry_pipeline:phase_with_eagle (16); work-dir=null
  error [nextflow.exception.ProcessStageException]: Can't stage file s3:///1000genomes/1000G_2504_high_coverage/working/20201028_3202_phased/CCDG_14151_B01_GRM_WGS_2020-08-05_chr16.filtered.shapeit2-duohmm-phased.vcf.gz -- reason: S3 download file: s3://1000genomes/1000G_2504_high_coverage/working/20201028_3202_phased/CCDG_14151_B01_GRM_WGS_2020-08-05_chr16.filtered.shapeit2-duohmm-phased.vcf.gz cancelled
Oct-29 11:13:36.695 [Actor Thread 14] DEBUG nextflow.processor.TaskProcessor - Handling unexpected condition for
  task: name=ancestry_pipeline:phase_with_eagle (14); work-dir=null
  error [nextflow.exception.ProcessStageException]: Can't stage file s3:///1000genomes/1000G_2504_high_coverage/working/20201028_3202_phased/CCDG_14151_B01_GRM_WGS_2020-08-05_chr14.filtered.shapeit2-duohmm-phased.vcf.gz -- reason: S3 download file: s3://1000genomes/1000G_2504_high_coverage/working/20201028_3202_phased/CCDG_14151_B01_GRM_WGS_2020-08-05_chr14.filtered.shapeit2-duohmm-phased.vcf.gz cancelled
Oct-29 11:13:36.695 [Actor Thread 4] DEBUG nextflow.processor.TaskProcessor - Handling unexpected condition for
  task: name=ancestry_pipeline:phase_with_eagle (20); work-dir=null
  error [nextflow.exception.ProcessStageException]: Can't stage file s3:///1000genomes/1000G_2504_high_coverage/working/20201028_3202_phased/CCDG_14151_B01_GRM_WGS_2020-08-05_chr20.filtered.shapeit2-duohmm-phased.vcf.gz -- reason: S3 download file: s3://1000genomes/1000G_2504_high_coverage/working/20201028_3202_phased/CCDG_14151_B01_GRM_WGS_2020-08-05_chr20.filtered.shapeit2-duohmm-phased.vcf.gz cancelled
Oct-29 11:13:36.695 [Actor Thread 10] DEBUG nextflow.processor.TaskProcessor - Handling unexpected condition for
  task: name=ancestry_pipeline:phase_with_eagle (19); work-dir=null
  error [nextflow.exception.ProcessStageException]: Can't stage file s3:///1000genomes/1000G_2504_high_coverage/working/20201028_3202_phased/CCDG_14151_B01_GRM_WGS_2020-08-05_chr19.filtered.shapeit2-duohmm-phased.vcf.gz -- reason: S3 download file: s3://1000genomes/1000G_2504_high_coverage/working/20201028_3202_phased/CCDG_14151_B01_GRM_WGS_2020-08-05_chr19.filtered.shapeit2-duohmm-phased.vcf.gz cancelled
Oct-29 11:13:36.695 [Actor Thread 1] DEBUG nextflow.processor.TaskProcessor - Handling unexpected condition for
  task: name=ancestry_pipeline:phase_with_eagle (22); work-dir=null
  error [nextflow.exception.ProcessStageException]: Can't stage file s3:///1000genomes/1000G_2504_high_coverage/working/20201028_3202_phased/CCDG_14151_B01_GRM_WGS_2020-08-05_chr22.filtered.shapeit2-duohmm-phased.vcf.gz -- reason: S3 download file: s3://1000genomes/1000G_2504_high_coverage/working/20201028_3202_phased/CCDG_14151_B01_GRM_WGS_2020-08-05_chr22.filtered.shapeit2-duohmm-phased.vcf.gz cancelled
Oct-29 11:13:36.695 [Actor Thread 9] DEBUG nextflow.processor.TaskProcessor - Handling unexpected condition for
  task: name=ancestry_pipeline:phase_with_eagle (15); work-dir=null
  error [nextflow.exception.ProcessStageException]: Can't stage file s3:///1000genomes/1000G_2504_high_coverage/working/20201028_3202_phased/CCDG_14151_B01_GRM_WGS_2020-08-05_chr15.filtered.shapeit2-duohmm-phased.vcf.gz -- reason: S3 download file: s3://1000genomes/1000G_2504_high_coverage/working/20201028_3202_phased/CCDG_14151_B01_GRM_WGS_2020-08-05_chr15.filtered.shapeit2-duohmm-phased.vcf.gz cancelled
